Determining if the pthread_create exist failed with the following output:
Change Dir: /home/blue/Documents/flashfusion_opensource/flashfusion2/CHISEL/build/CMakeFiles/CMakeTmp

Run Build Command:"/usr/bin/make" "cmTC_1e684/fast"
/usr/bin/make -f CMakeFiles/cmTC_1e684.dir/build.make CMakeFiles/cmTC_1e684.dir/build
make[1]: Entering directory '/home/blue/Documents/flashfusion_opensource/flashfusion2/CHISEL/build/CMakeFiles/CMakeTmp'
Building C object CMakeFiles/cmTC_1e684.dir/CheckSymbolExists.c.o
/usr/bin/cc     -o CMakeFiles/cmTC_1e684.dir/CheckSymbolExists.c.o   -c /home/blue/Documents/flashfusion_opensource/flashfusion2/CHISEL/build/CMakeFiles/CMakeTmp/CheckSymbolExists.c
Linking C executable cmTC_1e684
/usr/bin/cmake -E cmake_link_script CMakeFiles/cmTC_1e684.dir/link.txt --verbose=1
/usr/bin/cc       CMakeFiles/cmTC_1e684.dir/CheckSymbolExists.c.o  -o cmTC_1e684 -rdynamic 
CMakeFiles/cmTC_1e684.dir/CheckSymbolExists.c.o: In function `main':
CheckSymbolExists.c:(.text+0x16): undefined reference to `pthread_create'
collect2: error: ld returned 1 exit status
CMakeFiles/cmTC_1e684.dir/build.make:97: recipe for target 'cmTC_1e684' failed
make[1]: *** [cmTC_1e684] Error 1
make[1]: Leaving directory '/home/blue/Documents/flashfusion_opensource/flashfusion2/CHISEL/build/CMakeFiles/CMakeTmp'
Makefile:126: recipe for target 'cmTC_1e684/fast' failed
make: *** [cmTC_1e684/fast] Error 2

File /home/blue/Documents/flashfusion_opensource/flashfusion2/CHISEL/build/CMakeFiles/CMakeTmp/CheckSymbolExists.c:
/* */
#include <pthread.h>

int main(int argc, char** argv)
{
  (void)argv;
#ifndef pthread_create
  return ((int*)(&pthread_create))[argc];
#else
  (void)argc;
  return 0;
#endif
}

Determining if the function pthread_create exists in the pthreads failed with the following output:
Change Dir: /home/blue/Documents/flashfusion_opensource/flashfusion2/CHISEL/build/CMakeFiles/CMakeTmp

Run Build Command:"/usr/bin/make" "cmTC_f441c/fast"
/usr/bin/make -f CMakeFiles/cmTC_f441c.dir/build.make CMakeFiles/cmTC_f441c.dir/build
make[1]: Entering directory '/home/blue/Documents/flashfusion_opensource/flashfusion2/CHISEL/build/CMakeFiles/CMakeTmp'
Building C object CMakeFiles/cmTC_f441c.dir/CheckFunctionExists.c.o
/usr/bin/cc    -DCHECK_FUNCTION_EXISTS=pthread_create   -o CMakeFiles/cmTC_f441c.dir/CheckFunctionExists.c.o   -c /usr/share/cmake-3.5/Modules/CheckFunctionExists.c
Linking C executable cmTC_f441c
/usr/bin/cmake -E cmake_link_script CMakeFiles/cmTC_f441c.dir/link.txt --verbose=1
/usr/bin/cc   -DCHECK_FUNCTION_EXISTS=pthread_create    CMakeFiles/cmTC_f441c.dir/CheckFunctionExists.c.o  -o cmTC_f441c -rdynamic -lpthreads 
/usr/bin/ld: cannot find -lpthreads
collect2: error: ld returned 1 exit status
CMakeFiles/cmTC_f441c.dir/build.make:97: recipe for target 'cmTC_f441c' failed
make[1]: *** [cmTC_f441c] Error 1
make[1]: Leaving directory '/home/blue/Documents/flashfusion_opensource/flashfusion2/CHISEL/build/CMakeFiles/CMakeTmp'
Makefile:126: recipe for target 'cmTC_f441c/fast' failed
make: *** [cmTC_f441c/fast] Error 2


